This is pdfTeX, Version 3.14159265-2.6-1.40.15 (TeX Live 2014) (preloaded format=pdflatex 2014.12.3)  2 JAN 2015 14:52
entering extended mode
 restricted \write18 enabled.
 file:line:error style messages enabled.
 %&-line parsing enabled.
**AAS.cls
(./AAS.cls
LaTeX2e <2014/05/01>
Babel <3.9l> and hyphenation patterns for 79 languages loaded.

LaTeX Warning: You have requested package `',
               but the package provides `AAS'.

Package: AAS 2001/04/21 v1.4e Standard LaTeX document class

./AAS.cls:13: LaTeX Error: Missing \begin{document}.

See the LaTeX manual or LaTeX Companion for explanation.
Type  H <return>  for immediate help.
 ...                                              
                                                  
l.13 \newif\if@
               submit
? 
./AAS.cls:13: Emergency stop.
 ...                                              
                                                  
l.13 \newif\if@
               submit
You're in trouble here.  Try typing  <return>  to proceed.
If that doesn't work, type  X <return>  to quit.

 
Here is how much of TeX's memory you used:
 10 strings out of 493109
 262 string characters out of 6135004
 52967 words of memory out of 5000000
 3573 multiletter control sequences out of 15000+600000
 3640 words of font info for 14 fonts, out of 8000000 for 9000
 1141 hyphenation exceptions out of 8191
 7i,0n,8p,65b,14s stack positions out of 5000i,500n,10000p,200000b,80000s
./AAS.cls:13:  ==> Fatal error occurred, no output PDF file produced!
